<?xml version="1.0" encoding="UTF-8"?>
<!-- Generated by org.testng.reporters.JUnitReportReporter -->
<testsuite hostname="MSI" failures="0" tests="3" name="com.crm.qa.tests.LoginPageTest" time="11.444" errors="0" timestamp="2023-01-25T15:35:24 EST" skipped="0">
  <testcase classname="com.crm.qa.tests.LoginPageTest" name="loginPageTitleTest" time="3.791"/>
  <system-out/>
  <testcase classname="com.crm.qa.tests.LoginPageTest" name="loginPageTest" time="4.236"/>
  <system-out/>
  <testcase classname="com.crm.qa.tests.LoginPageTest" name="verifyCreateAccountBtnEnabled" time="3.417"/>
  <system-out/>
</testsuite> <!-- com.crm.qa.tests.LoginPageTest -->
